<?xml version="1.0" encoding="UTF-8"?>
<!-- Generated by org.testng.reporters.JUnitReportReporter -->
<testsuite skipped="0" hostname="VTL1409" name="VerifyCommunityName.VerifyCommunityNameLogin" tests="1" failures="0" timestamp="2020-10-31T19:43:07 IST" time="41.090" errors="0">
  <testcase name="ValidateMotherLang" time="41.090" classname="VerifyCommunityName.VerifyCommunityNameLogin"/>
  <system-out/>
</testsuite> <!-- VerifyCommunityName.VerifyCommunityNameLogin -->
